[pxdraft.com/pxdemo/softon/index.html]
[backblue.gif]
[fade.gif]
[index.html]
[pxdraft.com/pxdemo/softon/favicon.ico]
[pxdraft.com/pxdemo/softon/index-03.html]
[pxdraft.com/pxdemo/softon/index-04.html]
[pxdraft.com/pxdemo/softon/index-05.html]
[pxdraft.com/pxdemo/softon/index-02.html]
[pxdraft.com/pxdemo/softon/index-07.html]
[pxdraft.com/pxdemo/softon/index-08.html]
[pxdraft.com/pxdemo/softon/index-09.html]
[pxdraft.com/pxdemo/softon/index-10.html]
[pxdraft.com/pxdemo/softon/index-11.html]
[pxdraft.com/pxdemo/softon/index-12.html]
[pxdraft.com/pxdemo/softon/index-13.html]
[pxdraft.com/pxdemo/softon/about-us.html]
[pxdraft.com/pxdemo/softon/services.html]
[pxdraft.com/pxdemo/softon/index-06.html]
[pxdraft.com/pxdemo/softon/pricing.html]
[pxdraft.com/pxdemo/softon/career.html]
[pxdraft.com/pxdemo/softon/single-careers.html]
[pxdraft.com/pxdemo/softon/help.html]
[pxdraft.com/pxdemo/softon/help-topic.html]
[pxdraft.com/pxdemo/softon/policy.html]
[pxdraft.com/pxdemo/softon/faq.html]
[pxdraft.com/pxdemo/softon/contact-us.html]
[pxdraft.com/pxdemo/softon/blog.html]
[pxdraft.com/pxdemo/softon/blog-single.html]
[pxdraft.com/pxdemo/softon/static/img/home-banner-2.jpg]
[pxdraft.com/pxdemo/softon/static/img/home-banner-3.jpg]
[pxdraft.com/pxdemo/softon/static/img/bg-1.jpg]
[pxdraft.com/pxdemo/softon/static/img/team-1.jpg]
[pxdraft.com/pxdemo/softon/static/img/team-2.jpg]
[pxdraft.com/pxdemo/softon/static/img/team-3.jpg]
[pxdraft.com/pxdemo/softon/static/img/team-4.jpg]
[pxdraft.com/pxdemo/softon/static/img/blog-1.jpg]
[pxdraft.com/pxdemo/softon/static/img/blog-2.jpg]
[pxdraft.com/pxdemo/softon/static/img/blog-3.jpg]
[pxdraft.com/pxdemo/softon/static/js/jquery-3.2.1.min.js]
[pxdraft.com/pxdemo/softon/static/vendor/appear/jquery.appear.js]
[pxdraft.com/pxdemo/softon/static/vendor/bootstrap/js/bootstrap.bundle.min.js]
[pxdraft.com/pxdemo/softon/static/vendor/counter/jquery.countTo.js]
[pxdraft.com/pxdemo/softon/static/vendor/typed/typed.js]
[pxdraft.com/pxdemo/softon/static/vendor/owl-carousel/js/owl.carousel.min.js]
[pxdraft.com/pxdemo/softon/static/vendor/magnific/jquery.magnific-popup.min.js]
[pxdraft.com/pxdemo/softon/static/vendor/isotope/isotope.pkgd.min.js]
[pxdraft.com/pxdemo/softon/static/vendor/svginjector/svg-injector.min.js]
[pxdraft.com/pxdemo/softon/static/vendor/jarallax/jarallax-all.js]
[pxdraft.com/pxdemo/softon/index.html]
[pxdraft.com/pxdemo/softon/static/js/custom.js]
[pxdraft.com/pxdemo/softon/static/css/style.css]
[pxdraft.com/pxdemo/softon/static/img/logo.svg]
[pxdraft.com/pxdemo/softon/static/img/logo-light.svg]
[pxdraft.com/pxdemo/softon/static/img/about-4.jpg]
[pxdraft.com/pxdemo/softon/static/img/about-1.jpg]
[pxdraft.com/pxdemo/softon/static/img/about-5.jpg]
[pxdraft.com/pxdemo/softon/static/img/about-3.jpg]
[pxdraft.com/pxdemo/softon/static/img/project-1.jpg]
[pxdraft.com/pxdemo/softon/static/img/project-2.jpg]
[pxdraft.com/pxdemo/softon/static/img/project-3.jpg]
[pxdraft.com/pxdemo/softon/static/img/project-4.jpg]
[pxdraft.com/pxdemo/softon/static/img/project-5.jpg]
[pxdraft.com/pxdemo/softon/static/img/avatra-1.jpg]
[pxdraft.com/pxdemo/softon/index-02.html]
[pxdraft.com/pxdemo/softon/static/img/home-banner-4.jpg]
[pxdraft.com/pxdemo/softon/index-03.html]
[pxdraft.com/pxdemo/softon/index-04.html]
[pxdraft.com/pxdemo/softon/static/img/blog-4.jpg]
[pxdraft.com/pxdemo/softon/static/img/home-banner-1.jpg]
[pxdraft.com/pxdemo/softon/static/img/about-2.jpg]
